<?xml version="1.0" encoding="UTF-8"?>
<!-- Generated by org.testng.reporters.JUnitXMLReporter -->
<testsuite ignored="0" hostname="LAPTOP-5V2F6Q92" failures="0" tests="8" name="Regression" time="260.746" errors="0" timestamp="2025-04-15T11:02:43 IST">
  <testcase classname="RaaOnlineProject01.Raaonline.Login" name="LoginPage" time="18.954"/>
  <testcase classname="RaaOnlineProject01.Raaonline.Login" name="LoginPage" time="18.901"/>
  <testcase classname="RaaOnlineProject01.Raaonline.HomePage" name="HomePage001" time="9.503"/>
  <testcase classname="RaaOnlineProject01.Raaonline.Login" name="LoginPage" time="18.8"/>
  <testcase classname="RaaOnlineProject01.Raaonline.HomePage" name="HomePage001" time="9.112"/>
  <testcase classname="RaaOnlineProject01.Raaonline.VideoPage" name="VideoPage01" time="71.265"/>
  <testcase classname="RaaOnlineProject01.Raaonline.Login" name="LoginPage" time="18.692"/>
  <testcase classname="RaaOnlineProject01.Raaonline.SideBar" name="SidebarPage" time="44.556"/>
</testsuite> <!-- Regression -->
