<?xml version="1.0" encoding="UTF-8"?>
<!-- Generated by org.testng.reporters.JUnitXMLReporter -->
<testsuite ignored="0" hostname="LAPTOP-5V2F6Q92" failures="0" tests="3" name="Regression" time="43.245" errors="0" timestamp="2025-04-16T18:23:25 IST">
  <testcase classname="RaaOnlineProject01.Raaonline.Login" name="LoginPage" time="19.055"/>
  <testcase classname="RaaOnlineProject01.Raaonline.HomePage" name="HomePage001" time="9.206"/>
  <testcase classname="RaaOnlineProject01.Raaonline.MyCourseViewPlan" name="ViewPlans" time="5.999"/>
</testsuite> <!-- Regression -->
