<?xml version="1.0" encoding="UTF-8"?>
<testng-results ignored="0" total="3" passed="3" failed="0" skipped="0">
  <reporter-output>
  </reporter-output>
  <suite started-at="2025-04-16T18:22:42 IST" name="Suite" finished-at="2025-04-16T18:23:25 IST" duration-ms="43245">
    <groups>
    </groups>
    <test started-at="2025-04-16T18:22:42 IST" name="Regression" finished-at="2025-04-16T18:23:25 IST" duration-ms="43245">
      <class name="RaaOnlineProject01.Raaonline.MyCourseViewPlan">
        <test-method is-config="true" signature="configureAppium()[pri:0, instance:RaaOnlineProject01.Raaonline.MyCourseViewPlan@928763c]" started-at="2025-04-16T18:22:42 IST" name="configureAppium" finished-at="2025-04-16T18:22:50 IST" duration-ms="8531" status="PASS">
          <reporter-output>
          </reporter-output>
        </test-method> <!-- configureAppium -->
        <test-method signature="LoginPage()[pri:1, instance:RaaOnlineProject01.Raaonline.MyCourseViewPlan@928763c]" started-at="2025-04-16T18:22:50 IST" name="LoginPage" finished-at="2025-04-16T18:23:10 IST" duration-ms="19055" status="PASS">
          <reporter-output>
          </reporter-output>
        </test-method> <!-- LoginPage -->
        <test-method signature="HomePage001()[pri:2, instance:RaaOnlineProject01.Raaonline.MyCourseViewPlan@928763c]" started-at="2025-04-16T18:23:10 IST" name="HomePage001" finished-at="2025-04-16T18:23:19 IST" duration-ms="9206" status="PASS">
          <reporter-output>
          </reporter-output>
        </test-method> <!-- HomePage001 -->
        <test-method signature="ViewPlans()[pri:3, instance:RaaOnlineProject01.Raaonline.MyCourseViewPlan@928763c]" started-at="2025-04-16T18:23:19 IST" name="ViewPlans" finished-at="2025-04-16T18:23:25 IST" duration-ms="5999" status="PASS">
          <reporter-output>
          </reporter-output>
        </test-method> <!-- ViewPlans -->
        <test-method is-config="true" signature="tearDown()[pri:0, instance:RaaOnlineProject01.Raaonline.MyCourseViewPlan@928763c]" started-at="2025-04-16T18:23:25 IST" name="tearDown" finished-at="2025-04-16T18:23:25 IST" duration-ms="398" status="PASS">
          <reporter-output>
          </reporter-output>
        </test-method> <!-- tearDown -->
      </class> <!-- RaaOnlineProject01.Raaonline.MyCourseViewPlan -->
    </test> <!-- Regression -->
  </suite> <!-- Suite -->
</testng-results>
